This file contains any messages produced by compilers while
running configure, to aid debugging if configure makes a mistake.

It was created by sqlite configure 3.22.0, which was
generated by GNU Autoconf 2.69.  Invocation command line was

  $ ./configure --no-create --no-recursion

## --------- ##
## Platform. ##
## --------- ##

hostname = localhost.localdomain
uname -m = x86_64
uname -r = 3.10.0-693.11.1.el7.x86_64
uname -s = Linux
uname -v = #1 SMP Mon Dec 4 23:52:40 UTC 2017

/usr/bin/uname -p = x86_64
/bin/uname -X     = unknown

/bin/arch              = x86_64
/usr/bin/arch -k       = unknown
/usr/convex/getsysinfo = unknown
/usr/bin/hostinfo      = unknown
/bin/machine           = unknown
/usr/bin/oslevel       = unknown
/bin/universe          = unknown

PATH: /usr/local/bin
PATH: /usr/bin
PATH: /usr/local/sbin
PATH: /usr/sbin
PATH: /home/onlyet/.local/bin
PATH: /home/onlyet/bin


## ----------- ##
## Core tests. ##
## ----------- ##

configure:2328: checking for a BSD-compatible install
configure:2396: result: /usr/bin/install -c
configure:2407: checking whether build environment is sane
configure:2462: result: yes
configure:2613: checking for a thread-safe mkdir -p
configure:2652: result: /usr/bin/mkdir -p
configure:2659: checking for gawk
configure:2675: found /usr/bin/gawk
configure:2686: result: gawk
configure:2697: checking whether make sets $(MAKE)
configure:2719: result: yes
configure:2748: checking whether make supports nested variables
configure:2765: result: yes
configure:2862: checking for style of include used by make
configure:2890: result: GNU
configure:2961: checking for gcc
configure:2977: found /usr/bin/gcc
configure:2988: result: gcc
configure:3217: checking for C compiler version
configure:3226: gcc --version >&5
gcc (GCC) 4.8.5 20150623 (Red Hat 4.8.5-16)
Copyright (C) 2015 Free Software Foundation, Inc.
This is free software; see the source for copying conditions.  There is NO
warranty; not even for MERCHANTABILITY or FITNESS FOR A PARTICULAR PURPOSE.

configure:3237: $? = 0
configure:3226: gcc -v >&5
Using built-in specs.
COLLECT_GCC=gcc
COLLECT_LTO_WRAPPER=/usr/libexec/gcc/x86_64-redhat-linux/4.8.5/lto-wrapper
Target: x86_64-redhat-linux
Configured with: ../configure --prefix=/usr --mandir=/usr/share/man --infodir=/usr/share/info --with-bugurl=http://bugzilla.redhat.com/bugzilla --enable-bootstrap --enable-shared --enable-threads=posix --enable-checking=release --with-system-zlib --enable-__cxa_atexit --disable-libunwind-exceptions --enable-gnu-unique-object --enable-linker-build-id --with-linker-hash-style=gnu --enable-languages=c,c++,objc,obj-c++,java,fortran,ada,go,lto --enable-plugin --enable-initfini-array --disable-libgcj --with-isl=/builddir/build/BUILD/gcc-4.8.5-20150702/obj-x86_64-redhat-linux/isl-install --with-cloog=/builddir/build/BUILD/gcc-4.8.5-20150702/obj-x86_64-redhat-linux/cloog-install --enable-gnu-indirect-function --with-tune=generic --with-arch_32=x86-64 --build=x86_64-redhat-linux
Thread model: posix
gcc version 4.8.5 20150623 (Red Hat 4.8.5-16) (GCC) 
configure:3237: $? = 0
configure:3226: gcc -V >&5
gcc: error: unrecognized command line option '-V'
gcc: fatal error: no input files
compilation terminated.
configure:3237: $? = 4
configure:3226: gcc -qversion >&5
gcc: error: unrecognized command line option '-qversion'
gcc: fatal error: no input files
compilation terminated.
configure:3237: $? = 4
configure:3257: checking whether the C compiler works
configure:3279: gcc    conftest.c  >&5
configure:3283: $? = 0
configure:3331: result: yes
configure:3334: checking for C compiler default output file name
configure:3336: result: a.out
configure:3342: checking for suffix of executables
configure:3349: gcc -o conftest    conftest.c  >&5
configure:3353: $? = 0
configure:3375: result: 
configure:3397: checking whether we are cross compiling
configure:3405: gcc -o conftest    conftest.c  >&5
configure:3409: $? = 0
configure:3416: ./conftest
configure:3420: $? = 0
configure:3435: result: no
configure:3440: checking for suffix of object files
configure:3462: gcc -c   conftest.c >&5
configure:3466: $? = 0
configure:3487: result: o
configure:3491: checking whether we are using the GNU C compiler
configure:3510: gcc -c   conftest.c >&5
configure:3510: $? = 0
configure:3519: result: yes
configure:3528: checking whether gcc accepts -g
configure:3548: gcc -c -g  conftest.c >&5
configure:3548: $? = 0
configure:3589: result: yes
configure:3606: checking for gcc option to accept ISO C89
configure:3669: gcc  -c -g -O2  conftest.c >&5
configure:3669: $? = 0
configure:3682: result: none needed
configure:3704: checking dependency style of gcc
configure:3815: result: gcc3
configure:3838: checking for special C compiler options needed for large files
configure:3883: result: no
configure:3889: checking for _FILE_OFFSET_BITS value needed for large files
configure:3914: gcc -c -g -O2  conftest.c >&5
configure:3914: $? = 0
configure:3946: result: no
configure:4081: checking for gcc
configure:4108: result: gcc
configure:4337: checking for C compiler version
configure:4346: gcc --version >&5
gcc (GCC) 4.8.5 20150623 (Red Hat 4.8.5-16)
Copyright (C) 2015 Free Software Foundation, Inc.
This is free software; see the source for copying conditions.  There is NO
warranty; not even for MERCHANTABILITY or FITNESS FOR A PARTICULAR PURPOSE.

configure:4357: $? = 0
configure:4346: gcc -v >&5
Using built-in specs.
COLLECT_GCC=gcc
COLLECT_LTO_WRAPPER=/usr/libexec/gcc/x86_64-redhat-linux/4.8.5/lto-wrapper
Target: x86_64-redhat-linux
Configured with: ../configure --prefix=/usr --mandir=/usr/share/man --infodir=/usr/share/info --with-bugurl=http://bugzilla.redhat.com/bugzilla --enable-bootstrap --enable-shared --enable-threads=posix --enable-checking=release --with-system-zlib --enable-__cxa_atexit --disable-libunwind-exceptions --enable-gnu-unique-object --enable-linker-build-id --with-linker-hash-style=gnu --enable-languages=c,c++,objc,obj-c++,java,fortran,ada,go,lto --enable-plugin --enable-initfini-array --disable-libgcj --with-isl=/builddir/build/BUILD/gcc-4.8.5-20150702/obj-x86_64-redhat-linux/isl-install --with-cloog=/builddir/build/BUILD/gcc-4.8.5-20150702/obj-x86_64-redhat-linux/cloog-install --enable-gnu-indirect-function --with-tune=generic --with-arch_32=x86-64 --build=x86_64-redhat-linux
Thread model: posix
gcc version 4.8.5 20150623 (Red Hat 4.8.5-16) (GCC) 
configure:4357: $? = 0
configure:4346: gcc -V >&5
gcc: error: unrecognized command line option '-V'
gcc: fatal error: no input files
compilation terminated.
configure:4357: $? = 4
configure:4346: gcc -qversion >&5
gcc: error: unrecognized command line option '-qversion'
gcc: fatal error: no input files
compilation terminated.
configure:4357: $? = 4
configure:4361: checking whether we are using the GNU C compiler
configure:4389: result: yes
configure:4398: checking whether gcc accepts -g
configure:4459: result: yes
configure:4476: checking for gcc option to accept ISO C89
configure:4552: result: none needed
configure:4574: checking dependency style of gcc
configure:4685: result: gcc3
configure:4702: WARNING: Libtool does not cope well with whitespace in `pwd`
configure:4729: checking build system type
configure:4743: result: x86_64-unknown-linux-gnu
configure:4763: checking host system type
configure:4776: result: x86_64-unknown-linux-gnu
configure:4817: checking how to print strings
configure:4844: result: printf
configure:4865: checking for a sed that does not truncate output
configure:4929: result: /usr/bin/sed
configure:4947: checking for grep that handles long lines and -e
configure:5005: result: /usr/bin/grep
configure:5010: checking for egrep
configure:5072: result: /usr/bin/grep -E
configure:5077: checking for fgrep
configure:5139: result: /usr/bin/grep -F
configure:5174: checking for ld used by gcc
configure:5241: result: /usr/bin/ld
configure:5248: checking if the linker (/usr/bin/ld) is GNU ld
configure:5263: result: yes
configure:5275: checking for BSD- or MS-compatible name lister (nm)
configure:5324: result: /usr/bin/nm -B
configure:5454: checking the name lister (/usr/bin/nm -B) interface
configure:5461: gcc -c -g -O2  conftest.c >&5
configure:5464: /usr/bin/nm -B "conftest.o"
configure:5467: output
0000000000000000 B some_variable
configure:5474: result: BSD nm
configure:5477: checking whether ln -s works
configure:5484: result: no, using ln
configure:5489: checking the maximum length of command line arguments
configure:5619: result: 1572864
configure:5636: checking whether the shell understands some XSI constructs
configure:5646: result: yes
configure:5650: checking whether the shell understands "+="
configure:5656: result: yes
configure:5691: checking how to convert x86_64-unknown-linux-gnu file names to x86_64-unknown-linux-gnu format
configure:5731: result: func_convert_file_noop
configure:5738: checking how to convert x86_64-unknown-linux-gnu file names to toolchain format
configure:5758: result: func_convert_file_noop
configure:5765: checking for /usr/bin/ld option to reload object files
configure:5772: result: -r
configure:5846: checking for objdump
configure:5862: found /usr/bin/objdump
configure:5873: result: objdump
configure:5905: checking how to recognize dependent libraries
configure:6107: result: pass_all
configure:6192: checking for dlltool
configure:6222: result: no
configure:6252: checking how to associate runtime and link libraries
configure:6279: result: printf %s\n
configure:6339: checking for ar
configure:6355: found /usr/bin/ar
configure:6366: result: ar
configure:6403: checking for archiver @FILE support
configure:6420: gcc -c -g -O2  conftest.c >&5
configure:6420: $? = 0
configure:6423: ar cru libconftest.a @conftest.lst >&5
configure:6426: $? = 0
configure:6431: ar cru libconftest.a @conftest.lst >&5
ar: conftest.o: No such file or directory
configure:6434: $? = 1
configure:6446: result: @
configure:6504: checking for strip
configure:6520: found /usr/bin/strip
configure:6531: result: strip
configure:6603: checking for ranlib
configure:6619: found /usr/bin/ranlib
configure:6630: result: ranlib
configure:6732: checking command to parse /usr/bin/nm -B output from gcc object
configure:6852: gcc -c -g -O2  conftest.c >&5
configure:6855: $? = 0
configure:6859: /usr/bin/nm -B conftest.o \| sed -n -e 's/^.*[ ]\([ABCDGIRSTW][ABCDGIRSTW]*\)[ ][ ]*\([_A-Za-z][_A-Za-z0-9]*\)$/\1 \2 \2/p' | sed '/ __gnu_lto/d' \> conftest.nm
configure:6862: $? = 0
configure:6928: gcc -o conftest -g -O2   conftest.c conftstm.o >&5
configure:6931: $? = 0
configure:6969: result: ok
configure:7006: checking for sysroot
configure:7036: result: no
configure:7113: gcc -c -g -O2  conftest.c >&5
configure:7116: $? = 0
configure:7292: checking for mt
configure:7322: result: no
configure:7342: checking if : is a manifest tool
configure:7348: : '-?'
configure:7356: result: no
configure:7998: checking how to run the C preprocessor
configure:8029: gcc -E  conftest.c
configure:8029: $? = 0
configure:8043: gcc -E  conftest.c
conftest.c:11:28: fatal error: ac_nonexistent.h: No such file or directory
 #include <ac_nonexistent.h>
                            ^
compilation terminated.
configure:8043: $? = 1
configure: failed program was:
| /* confdefs.h */
| #define PACKAGE_NAME "sqlite"
| #define PACKAGE_TARNAME "sqlite"
| #define PACKAGE_VERSION "3.22.0"
| #define PACKAGE_STRING "sqlite 3.22.0"
| #define PACKAGE_BUGREPORT "http://www.sqlite.org"
| #define PACKAGE_URL ""
| #define PACKAGE "sqlite"
| #define VERSION "3.22.0"
| /* end confdefs.h.  */
| #include <ac_nonexistent.h>
configure:8068: result: gcc -E
configure:8088: gcc -E  conftest.c
configure:8088: $? = 0
configure:8102: gcc -E  conftest.c
conftest.c:11:28: fatal error: ac_nonexistent.h: No such file or directory
 #include <ac_nonexistent.h>
                            ^
compilation terminated.
configure:8102: $? = 1
configure: failed program was:
| /* confdefs.h */
| #define PACKAGE_NAME "sqlite"
| #define PACKAGE_TARNAME "sqlite"
| #define PACKAGE_VERSION "3.22.0"
| #define PACKAGE_STRING "sqlite 3.22.0"
| #define PACKAGE_BUGREPORT "http://www.sqlite.org"
| #define PACKAGE_URL ""
| #define PACKAGE "sqlite"
| #define VERSION "3.22.0"
| /* end confdefs.h.  */
| #include <ac_nonexistent.h>
configure:8131: checking for ANSI C header files
configure:8151: gcc -c -g -O2  conftest.c >&5
configure:8151: $? = 0
configure:8224: gcc -o conftest -g -O2   conftest.c  >&5
configure:8224: $? = 0
configure:8224: ./conftest
configure:8224: $? = 0
configure:8235: result: yes
configure:8248: checking for sys/types.h
configure:8248: gcc -c -g -O2  conftest.c >&5
configure:8248: $? = 0
configure:8248: result: yes
configure:8248: checking for sys/stat.h
configure:8248: gcc -c -g -O2  conftest.c >&5
configure:8248: $? = 0
configure:8248: result: yes
configure:8248: checking for stdlib.h
configure:8248: gcc -c -g -O2  conftest.c >&5
configure:8248: $? = 0
configure:8248: result: yes
configure:8248: checking for string.h
configure:8248: gcc -c -g -O2  conftest.c >&5
configure:8248: $? = 0
configure:8248: result: yes
configure:8248: checking for memory.h
configure:8248: gcc -c -g -O2  conftest.c >&5
configure:8248: $? = 0
configure:8248: result: yes
configure:8248: checking for strings.h
configure:8248: gcc -c -g -O2  conftest.c >&5
configure:8248: $? = 0
configure:8248: result: yes
configure:8248: checking for inttypes.h
configure:8248: gcc -c -g -O2  conftest.c >&5
configure:8248: $? = 0
configure:8248: result: yes
configure:8248: checking for stdint.h
configure:8248: gcc -c -g -O2  conftest.c >&5
configure:8248: $? = 0
configure:8248: result: yes
configure:8248: checking for unistd.h
configure:8248: gcc -c -g -O2  conftest.c >&5
configure:8248: $? = 0
configure:8248: result: yes
configure:8262: checking for dlfcn.h
configure:8262: gcc -c -g -O2  conftest.c >&5
configure:8262: $? = 0
configure:8262: result: yes
configure:8468: checking for objdir
configure:8483: result: .libs
configure:8750: checking if gcc supports -fno-rtti -fno-exceptions
configure:8768: gcc -c -g -O2  -fno-rtti -fno-exceptions conftest.c >&5
cc1: warning: command line option '-fno-rtti' is valid for C++/ObjC++ but not for C [enabled by default]
configure:8772: $? = 0
configure:8785: result: no
configure:9112: checking for gcc option to produce PIC
configure:9119: result: -fPIC -DPIC
configure:9127: checking if gcc PIC flag -fPIC -DPIC works
configure:9145: gcc -c -g -O2  -fPIC -DPIC -DPIC conftest.c >&5
configure:9149: $? = 0
configure:9162: result: yes
configure:9191: checking if gcc static flag -static works
configure:9219: result: no
configure:9234: checking if gcc supports -c -o file.o
configure:9255: gcc -c -g -O2  -o out/conftest2.o conftest.c >&5
configure:9259: $? = 0
configure:9281: result: yes
configure:9289: checking if gcc supports -c -o file.o
configure:9336: result: yes
configure:9369: checking whether the gcc linker (/usr/bin/ld -m elf_x86_64) supports shared libraries
configure:10522: result: yes
configure:10559: checking whether -lc should be explicitly linked in
configure:10567: gcc -c -g -O2  conftest.c >&5
configure:10570: $? = 0
configure:10585: gcc -shared  -fPIC -DPIC conftest.o  -v -Wl,-soname -Wl,conftest -o conftest 2\>\&1 \| /usr/bin/grep  -lc  \>/dev/null 2\>\&1
configure:10588: $? = 0
configure:10602: result: no
configure:10762: checking dynamic linker characteristics
configure:11273: gcc -o conftest -g -O2   -Wl,-rpath -Wl,/foo conftest.c  >&5
configure:11273: $? = 0
configure:11499: result: GNU/Linux ld.so
configure:11606: checking how to hardcode library paths into programs
configure:11631: result: immediate
configure:12171: checking whether stripping libraries is possible
configure:12176: result: yes
configure:12211: checking if libtool supports shared libraries
configure:12213: result: yes
configure:12216: checking whether to build shared libraries
configure:12237: result: yes
configure:12240: checking whether to build static libraries
configure:12244: result: yes
configure:12287: checking for fdatasync
configure:12287: gcc -o conftest -g -O2   conftest.c  >&5
configure:12287: $? = 0
configure:12287: result: yes
configure:12287: checking for usleep
configure:12287: gcc -o conftest -g -O2   conftest.c  >&5
configure:12287: $? = 0
configure:12287: result: yes
configure:12287: checking for fullfsync
configure:12287: gcc -o conftest -g -O2   conftest.c  >&5
/tmp/cceiREyZ.o: In function `main':
/home/onlyet/mount/Socket/ChatRome -- select/sqlite-autoconf-3220000/conftest.c:59: undefined reference to `fullfsync'
collect2: error: ld returned 1 exit status
configure:12287: $? = 1
configure: failed program was:
| /* confdefs.h */
| #define PACKAGE_NAME "sqlite"
| #define PACKAGE_TARNAME "sqlite"
| #define PACKAGE_VERSION "3.22.0"
| #define PACKAGE_STRING "sqlite 3.22.0"
| #define PACKAGE_BUGREPORT "http://www.sqlite.org"
| #define PACKAGE_URL ""
| #define PACKAGE "sqlite"
| #define VERSION "3.22.0"
| #define STDC_HEADERS 1
| #define HAVE_SYS_TYPES_H 1
| #define HAVE_SYS_STAT_H 1
| #define HAVE_STDLIB_H 1
| #define HAVE_STRING_H 1
| #define HAVE_MEMORY_H 1
| #define HAVE_STRINGS_H 1
| #define HAVE_INTTYPES_H 1
| #define HAVE_STDINT_H 1
| #define HAVE_UNISTD_H 1
| #define HAVE_DLFCN_H 1
| #define LT_OBJDIR ".libs/"
| #define HAVE_FDATASYNC 1
| #define HAVE_USLEEP 1
| /* end confdefs.h.  */
| /* Define fullfsync to an innocuous variant, in case <limits.h> declares fullfsync.
|    For example, HP-UX 11i <limits.h> declares gettimeofday.  */
| #define fullfsync innocuous_fullfsync
| 
| /* System header to define __stub macros and hopefully few prototypes,
|     which can conflict with char fullfsync (); below.
|     Prefer <limits.h> to <assert.h> if __STDC__ is defined, since
|     <limits.h> exists even on freestanding compilers.  */
| 
| #ifdef __STDC__
| # include <limits.h>
| #else
| # include <assert.h>
| #endif
| 
| #undef fullfsync
| 
| /* Override any GCC internal prototype to avoid an error.
|    Use char because int might match the return type of a GCC
|    builtin and then its argument prototype would still apply.  */
| #ifdef __cplusplus
| extern "C"
| #endif
| char fullfsync ();
| /* The GNU C library defines this for functions which it implements
|     to always fail with ENOSYS.  Some functions are actually named
|     something starting with __ and the normal name is an alias.  */
| #if defined __stub_fullfsync || defined __stub___fullfsync
| choke me
| #endif
| 
| int
| main ()
| {
| return fullfsync ();
|   ;
|   return 0;
| }
configure:12287: result: no
configure:12287: checking for localtime_r
configure:12287: gcc -o conftest -g -O2   conftest.c  >&5
configure:12287: $? = 0
configure:12287: result: yes
configure:12287: checking for gmtime_r
configure:12287: gcc -o conftest -g -O2   conftest.c  >&5
configure:12287: $? = 0
configure:12287: result: yes
configure:12296: checking whether strerror_r is declared
configure:12296: gcc -c -g -O2  conftest.c >&5
configure:12296: $? = 0
configure:12296: result: yes
configure:12309: checking for strerror_r
configure:12309: gcc -o conftest -g -O2   conftest.c  >&5
configure:12309: $? = 0
configure:12309: result: yes
configure:12318: checking whether strerror_r returns char *
configure:12342: gcc -c -g -O2  conftest.c >&5
conftest.c: In function 'main':
conftest.c:67:13: error: invalid type argument of unary '*' (have 'int')
    char x = *strerror_r (0, buf, sizeof buf);
             ^
conftest.c:68:14: warning: initialization makes pointer from integer without a cast [enabled by default]
    char *p = strerror_r (0, buf, sizeof buf);
              ^
configure:12342: $? = 1
configure: failed program was:
| /* confdefs.h */
| #define PACKAGE_NAME "sqlite"
| #define PACKAGE_TARNAME "sqlite"
| #define PACKAGE_VERSION "3.22.0"
| #define PACKAGE_STRING "sqlite 3.22.0"
| #define PACKAGE_BUGREPORT "http://www.sqlite.org"
| #define PACKAGE_URL ""
| #define PACKAGE "sqlite"
| #define VERSION "3.22.0"
| #define STDC_HEADERS 1
| #define HAVE_SYS_TYPES_H 1
| #define HAVE_SYS_STAT_H 1
| #define HAVE_STDLIB_H 1
| #define HAVE_STRING_H 1
| #define HAVE_MEMORY_H 1
| #define HAVE_STRINGS_H 1
| #define HAVE_INTTYPES_H 1
| #define HAVE_STDINT_H 1
| #define HAVE_UNISTD_H 1
| #define HAVE_DLFCN_H 1
| #define LT_OBJDIR ".libs/"
| #define HAVE_FDATASYNC 1
| #define HAVE_USLEEP 1
| #define HAVE_LOCALTIME_R 1
| #define HAVE_GMTIME_R 1
| #define HAVE_DECL_STRERROR_R 1
| #define HAVE_STRERROR_R 1
| /* end confdefs.h.  */
| #include <stdio.h>
| #ifdef HAVE_SYS_TYPES_H
| # include <sys/types.h>
| #endif
| #ifdef HAVE_SYS_STAT_H
| # include <sys/stat.h>
| #endif
| #ifdef STDC_HEADERS
| # include <stdlib.h>
| # include <stddef.h>
| #else
| # ifdef HAVE_STDLIB_H
| #  include <stdlib.h>
| # endif
| #endif
| #ifdef HAVE_STRING_H
| # if !defined STDC_HEADERS && defined HAVE_MEMORY_H
| #  include <memory.h>
| # endif
| # include <string.h>
| #endif
| #ifdef HAVE_STRINGS_H
| # include <strings.h>
| #endif
| #ifdef HAVE_INTTYPES_H
| # include <inttypes.h>
| #endif
| #ifdef HAVE_STDINT_H
| # include <stdint.h>
| #endif
| #ifdef HAVE_UNISTD_H
| # include <unistd.h>
| #endif
| int
| main ()
| {
| 
| 	  char buf[100];
| 	  char x = *strerror_r (0, buf, sizeof buf);
| 	  char *p = strerror_r (0, buf, sizeof buf);
| 	  return !p || x;
| 
|   ;
|   return 0;
| }
configure:12380: result: no
configure:12424: checking editline/readline.h usability
configure:12424: gcc -c -g -O2  conftest.c >&5
conftest.c:62:31: fatal error: editline/readline.h: No such file or directory
 #include <editline/readline.h>
                               ^
compilation terminated.
configure:12424: $? = 1
configure: failed program was:
| /* confdefs.h */
| #define PACKAGE_NAME "sqlite"
| #define PACKAGE_TARNAME "sqlite"
| #define PACKAGE_VERSION "3.22.0"
| #define PACKAGE_STRING "sqlite 3.22.0"
| #define PACKAGE_BUGREPORT "http://www.sqlite.org"
| #define PACKAGE_URL ""
| #define PACKAGE "sqlite"
| #define VERSION "3.22.0"
| #define STDC_HEADERS 1
| #define HAVE_SYS_TYPES_H 1
| #define HAVE_SYS_STAT_H 1
| #define HAVE_STDLIB_H 1
| #define HAVE_STRING_H 1
| #define HAVE_MEMORY_H 1
| #define HAVE_STRINGS_H 1
| #define HAVE_INTTYPES_H 1
| #define HAVE_STDINT_H 1
| #define HAVE_UNISTD_H 1
| #define HAVE_DLFCN_H 1
| #define LT_OBJDIR ".libs/"
| #define HAVE_FDATASYNC 1
| #define HAVE_USLEEP 1
| #define HAVE_LOCALTIME_R 1
| #define HAVE_GMTIME_R 1
| #define HAVE_DECL_STRERROR_R 1
| #define HAVE_STRERROR_R 1
| /* end confdefs.h.  */
| #include <stdio.h>
| #ifdef HAVE_SYS_TYPES_H
| # include <sys/types.h>
| #endif
| #ifdef HAVE_SYS_STAT_H
| # include <sys/stat.h>
| #endif
| #ifdef STDC_HEADERS
| # include <stdlib.h>
| # include <stddef.h>
| #else
| # ifdef HAVE_STDLIB_H
| #  include <stdlib.h>
| # endif
| #endif
| #ifdef HAVE_STRING_H
| # if !defined STDC_HEADERS && defined HAVE_MEMORY_H
| #  include <memory.h>
| # endif
| # include <string.h>
| #endif
| #ifdef HAVE_STRINGS_H
| # include <strings.h>
| #endif
| #ifdef HAVE_INTTYPES_H
| # include <inttypes.h>
| #endif
| #ifdef HAVE_STDINT_H
| # include <stdint.h>
| #endif
| #ifdef HAVE_UNISTD_H
| # include <unistd.h>
| #endif
| #include <editline/readline.h>
configure:12424: result: no
configure:12424: checking editline/readline.h presence
configure:12424: gcc -E  conftest.c
conftest.c:29:31: fatal error: editline/readline.h: No such file or directory
 #include <editline/readline.h>
                               ^
compilation terminated.
configure:12424: $? = 1
configure: failed program was:
| /* confdefs.h */
| #define PACKAGE_NAME "sqlite"
| #define PACKAGE_TARNAME "sqlite"
| #define PACKAGE_VERSION "3.22.0"
| #define PACKAGE_STRING "sqlite 3.22.0"
| #define PACKAGE_BUGREPORT "http://www.sqlite.org"
| #define PACKAGE_URL ""
| #define PACKAGE "sqlite"
| #define VERSION "3.22.0"
| #define STDC_HEADERS 1
| #define HAVE_SYS_TYPES_H 1
| #define HAVE_SYS_STAT_H 1
| #define HAVE_STDLIB_H 1
| #define HAVE_STRING_H 1
| #define HAVE_MEMORY_H 1
| #define HAVE_STRINGS_H 1
| #define HAVE_INTTYPES_H 1
| #define HAVE_STDINT_H 1
| #define HAVE_UNISTD_H 1
| #define HAVE_DLFCN_H 1
| #define LT_OBJDIR ".libs/"
| #define HAVE_FDATASYNC 1
| #define HAVE_USLEEP 1
| #define HAVE_LOCALTIME_R 1
| #define HAVE_GMTIME_R 1
| #define HAVE_DECL_STRERROR_R 1
| #define HAVE_STRERROR_R 1
| /* end confdefs.h.  */
| #include <editline/readline.h>
configure:12424: result: no
configure:12424: checking for editline/readline.h
configure:12424: result: no
configure:12508: checking readline/readline.h usability
configure:12508: gcc -c -g -O2  conftest.c >&5
conftest.c:62:31: fatal error: readline/readline.h: No such file or directory
 #include <readline/readline.h>
                               ^
compilation terminated.
configure:12508: $? = 1
configure: failed program was:
| /* confdefs.h */
| #define PACKAGE_NAME "sqlite"
| #define PACKAGE_TARNAME "sqlite"
| #define PACKAGE_VERSION "3.22.0"
| #define PACKAGE_STRING "sqlite 3.22.0"
| #define PACKAGE_BUGREPORT "http://www.sqlite.org"
| #define PACKAGE_URL ""
| #define PACKAGE "sqlite"
| #define VERSION "3.22.0"
| #define STDC_HEADERS 1
| #define HAVE_SYS_TYPES_H 1
| #define HAVE_SYS_STAT_H 1
| #define HAVE_STDLIB_H 1
| #define HAVE_STRING_H 1
| #define HAVE_MEMORY_H 1
| #define HAVE_STRINGS_H 1
| #define HAVE_INTTYPES_H 1
| #define HAVE_STDINT_H 1
| #define HAVE_UNISTD_H 1
| #define HAVE_DLFCN_H 1
| #define LT_OBJDIR ".libs/"
| #define HAVE_FDATASYNC 1
| #define HAVE_USLEEP 1
| #define HAVE_LOCALTIME_R 1
| #define HAVE_GMTIME_R 1
| #define HAVE_DECL_STRERROR_R 1
| #define HAVE_STRERROR_R 1
| /* end confdefs.h.  */
| #include <stdio.h>
| #ifdef HAVE_SYS_TYPES_H
| # include <sys/types.h>
| #endif
| #ifdef HAVE_SYS_STAT_H
| # include <sys/stat.h>
| #endif
| #ifdef STDC_HEADERS
| # include <stdlib.h>
| # include <stddef.h>
| #else
| # ifdef HAVE_STDLIB_H
| #  include <stdlib.h>
| # endif
| #endif
| #ifdef HAVE_STRING_H
| # if !defined STDC_HEADERS && defined HAVE_MEMORY_H
| #  include <memory.h>
| # endif
| # include <string.h>
| #endif
| #ifdef HAVE_STRINGS_H
| # include <strings.h>
| #endif
| #ifdef HAVE_INTTYPES_H
| # include <inttypes.h>
| #endif
| #ifdef HAVE_STDINT_H
| # include <stdint.h>
| #endif
| #ifdef HAVE_UNISTD_H
| # include <unistd.h>
| #endif
| #include <readline/readline.h>
configure:12508: result: no
configure:12508: checking readline/readline.h presence
configure:12508: gcc -E  conftest.c
conftest.c:29:31: fatal error: readline/readline.h: No such file or directory
 #include <readline/readline.h>
                               ^
compilation terminated.
configure:12508: $? = 1
configure: failed program was:
| /* confdefs.h */
| #define PACKAGE_NAME "sqlite"
| #define PACKAGE_TARNAME "sqlite"
| #define PACKAGE_VERSION "3.22.0"
| #define PACKAGE_STRING "sqlite 3.22.0"
| #define PACKAGE_BUGREPORT "http://www.sqlite.org"
| #define PACKAGE_URL ""
| #define PACKAGE "sqlite"
| #define VERSION "3.22.0"
| #define STDC_HEADERS 1
| #define HAVE_SYS_TYPES_H 1
| #define HAVE_SYS_STAT_H 1
| #define HAVE_STDLIB_H 1
| #define HAVE_STRING_H 1
| #define HAVE_MEMORY_H 1
| #define HAVE_STRINGS_H 1
| #define HAVE_INTTYPES_H 1
| #define HAVE_STDINT_H 1
| #define HAVE_UNISTD_H 1
| #define HAVE_DLFCN_H 1
| #define LT_OBJDIR ".libs/"
| #define HAVE_FDATASYNC 1
| #define HAVE_USLEEP 1
| #define HAVE_LOCALTIME_R 1
| #define HAVE_GMTIME_R 1
| #define HAVE_DECL_STRERROR_R 1
| #define HAVE_STRERROR_R 1
| /* end confdefs.h.  */
| #include <readline/readline.h>
configure:12508: result: no
configure:12508: checking for readline/readline.h
configure:12508: result: no
configure:12658: checking for library containing pthread_create
configure:12689: gcc -o conftest -g -O2   conftest.c  >&5
/tmp/ccge9yHq.o: In function `main':
/home/onlyet/mount/Socket/ChatRome -- select/sqlite-autoconf-3220000/conftest.c:40: undefined reference to `pthread_create'
collect2: error: ld returned 1 exit status
configure:12689: $? = 1
configure: failed program was:
| /* confdefs.h */
| #define PACKAGE_NAME "sqlite"
| #define PACKAGE_TARNAME "sqlite"
| #define PACKAGE_VERSION "3.22.0"
| #define PACKAGE_STRING "sqlite 3.22.0"
| #define PACKAGE_BUGREPORT "http://www.sqlite.org"
| #define PACKAGE_URL ""
| #define PACKAGE "sqlite"
| #define VERSION "3.22.0"
| #define STDC_HEADERS 1
| #define HAVE_SYS_TYPES_H 1
| #define HAVE_SYS_STAT_H 1
| #define HAVE_STDLIB_H 1
| #define HAVE_STRING_H 1
| #define HAVE_MEMORY_H 1
| #define HAVE_STRINGS_H 1
| #define HAVE_INTTYPES_H 1
| #define HAVE_STDINT_H 1
| #define HAVE_UNISTD_H 1
| #define HAVE_DLFCN_H 1
| #define LT_OBJDIR ".libs/"
| #define HAVE_FDATASYNC 1
| #define HAVE_USLEEP 1
| #define HAVE_LOCALTIME_R 1
| #define HAVE_GMTIME_R 1
| #define HAVE_DECL_STRERROR_R 1
| #define HAVE_STRERROR_R 1
| /* end confdefs.h.  */
| 
| /* Override any GCC internal prototype to avoid an error.
|    Use char because int might match the return type of a GCC
|    builtin and then its argument prototype would still apply.  */
| #ifdef __cplusplus
| extern "C"
| #endif
| char pthread_create ();
| int
| main ()
| {
| return pthread_create ();
|   ;
|   return 0;
| }
configure:12689: gcc -o conftest -g -O2   conftest.c -lpthread   >&5
configure:12689: $? = 0
configure:12706: result: -lpthread
configure:12714: checking for library containing pthread_mutexattr_init
configure:12745: gcc -o conftest -g -O2   conftest.c -lpthread  >&5
configure:12745: $? = 0
configure:12762: result: none required
configure:12785: checking for library containing dlopen
configure:12816: gcc -o conftest -g -O2   conftest.c -lpthread  >&5
/tmp/cc6dxL8B.o: In function `main':
/home/onlyet/mount/Socket/ChatRome -- select/sqlite-autoconf-3220000/conftest.c:40: undefined reference to `dlopen'
collect2: error: ld returned 1 exit status
configure:12816: $? = 1
configure: failed program was:
| /* confdefs.h */
| #define PACKAGE_NAME "sqlite"
| #define PACKAGE_TARNAME "sqlite"
| #define PACKAGE_VERSION "3.22.0"
| #define PACKAGE_STRING "sqlite 3.22.0"
| #define PACKAGE_BUGREPORT "http://www.sqlite.org"
| #define PACKAGE_URL ""
| #define PACKAGE "sqlite"
| #define VERSION "3.22.0"
| #define STDC_HEADERS 1
| #define HAVE_SYS_TYPES_H 1
| #define HAVE_SYS_STAT_H 1
| #define HAVE_STDLIB_H 1
| #define HAVE_STRING_H 1
| #define HAVE_MEMORY_H 1
| #define HAVE_STRINGS_H 1
| #define HAVE_INTTYPES_H 1
| #define HAVE_STDINT_H 1
| #define HAVE_UNISTD_H 1
| #define HAVE_DLFCN_H 1
| #define LT_OBJDIR ".libs/"
| #define HAVE_FDATASYNC 1
| #define HAVE_USLEEP 1
| #define HAVE_LOCALTIME_R 1
| #define HAVE_GMTIME_R 1
| #define HAVE_DECL_STRERROR_R 1
| #define HAVE_STRERROR_R 1
| /* end confdefs.h.  */
| 
| /* Override any GCC internal prototype to avoid an error.
|    Use char because int might match the return type of a GCC
|    builtin and then its argument prototype would still apply.  */
| #ifdef __cplusplus
| extern "C"
| #endif
| char dlopen ();
| int
| main ()
| {
| return dlopen ();
|   ;
|   return 0;
| }
configure:12816: gcc -o conftest -g -O2   conftest.c -ldl  -lpthread  >&5
configure:12816: $? = 0
configure:12833: result: -ldl
configure:12844: checking for whether to support dynamic extensions
configure:12846: result: yes
configure:12975: checking for posix_fallocate
configure:12975: gcc -o conftest -g -O2   conftest.c -ldl -lpthread  >&5
configure:12975: $? = 0
configure:12975: result: yes
configure:12986: checking zlib.h usability
configure:12986: gcc -c -g -O2  conftest.c >&5
configure:12986: $? = 0
configure:12986: result: yes
configure:12986: checking zlib.h presence
configure:12986: gcc -E  conftest.c
configure:12986: $? = 0
configure:12986: result: yes
configure:12986: checking for zlib.h
configure:12986: result: yes
configure:12992: checking for library containing deflate
configure:13023: gcc -o conftest -g -O2   conftest.c -ldl -lpthread  >&5
/tmp/ccxbM729.o: In function `main':
/home/onlyet/mount/Socket/ChatRome -- select/sqlite-autoconf-3220000/conftest.c:42: undefined reference to `deflate'
collect2: error: ld returned 1 exit status
configure:13023: $? = 1
configure: failed program was:
| /* confdefs.h */
| #define PACKAGE_NAME "sqlite"
| #define PACKAGE_TARNAME "sqlite"
| #define PACKAGE_VERSION "3.22.0"
| #define PACKAGE_STRING "sqlite 3.22.0"
| #define PACKAGE_BUGREPORT "http://www.sqlite.org"
| #define PACKAGE_URL ""
| #define PACKAGE "sqlite"
| #define VERSION "3.22.0"
| #define STDC_HEADERS 1
| #define HAVE_SYS_TYPES_H 1
| #define HAVE_SYS_STAT_H 1
| #define HAVE_STDLIB_H 1
| #define HAVE_STRING_H 1
| #define HAVE_MEMORY_H 1
| #define HAVE_STRINGS_H 1
| #define HAVE_INTTYPES_H 1
| #define HAVE_STDINT_H 1
| #define HAVE_UNISTD_H 1
| #define HAVE_DLFCN_H 1
| #define LT_OBJDIR ".libs/"
| #define HAVE_FDATASYNC 1
| #define HAVE_USLEEP 1
| #define HAVE_LOCALTIME_R 1
| #define HAVE_GMTIME_R 1
| #define HAVE_DECL_STRERROR_R 1
| #define HAVE_STRERROR_R 1
| #define HAVE_POSIX_FALLOCATE 1
| #define HAVE_ZLIB_H 1
| /* end confdefs.h.  */
| 
| /* Override any GCC internal prototype to avoid an error.
|    Use char because int might match the return type of a GCC
|    builtin and then its argument prototype would still apply.  */
| #ifdef __cplusplus
| extern "C"
| #endif
| char deflate ();
| int
| main ()
| {
| return deflate ();
|   ;
|   return 0;
| }
configure:13023: gcc -o conftest -g -O2   conftest.c -lz  -ldl -lpthread  >&5
configure:13023: $? = 0
configure:13040: result: -lz
configure:13225: checking that generated files are newer than configure
configure:13231: result: done
configure:13258: creating ./config.status

## ---------------- ##
## Cache variables. ##
## ---------------- ##

ac_cv_build=x86_64-unknown-linux-gnu
ac_cv_c_compiler_gnu=yes
ac_cv_env_CC_set=
ac_cv_env_CC_value=
ac_cv_env_CFLAGS_set=
ac_cv_env_CFLAGS_value=
ac_cv_env_CPPFLAGS_set=
ac_cv_env_CPPFLAGS_value=
ac_cv_env_CPP_set=
ac_cv_env_CPP_value=
ac_cv_env_LDFLAGS_set=
ac_cv_env_LDFLAGS_value=
ac_cv_env_LIBS_set=
ac_cv_env_LIBS_value=
ac_cv_env_build_alias_set=
ac_cv_env_build_alias_value=
ac_cv_env_host_alias_set=
ac_cv_env_host_alias_value=
ac_cv_env_target_alias_set=
ac_cv_env_target_alias_value=
ac_cv_func_fdatasync=yes
ac_cv_func_fullfsync=no
ac_cv_func_gmtime_r=yes
ac_cv_func_localtime_r=yes
ac_cv_func_posix_fallocate=yes
ac_cv_func_strerror_r=yes
ac_cv_func_strerror_r_char_p=no
ac_cv_func_usleep=yes
ac_cv_have_decl_strerror_r=yes
ac_cv_header_dlfcn_h=yes
ac_cv_header_editline_readline_h=no
ac_cv_header_inttypes_h=yes
ac_cv_header_memory_h=yes
ac_cv_header_readline_readline_h=no
ac_cv_header_stdc=yes
ac_cv_header_stdint_h=yes
ac_cv_header_stdlib_h=yes
ac_cv_header_string_h=yes
ac_cv_header_strings_h=yes
ac_cv_header_sys_stat_h=yes
ac_cv_header_sys_types_h=yes
ac_cv_header_unistd_h=yes
ac_cv_header_zlib_h=yes
ac_cv_host=x86_64-unknown-linux-gnu
ac_cv_objext=o
ac_cv_path_EGREP='/usr/bin/grep -E'
ac_cv_path_FGREP='/usr/bin/grep -F'
ac_cv_path_GREP=/usr/bin/grep
ac_cv_path_SED=/usr/bin/sed
ac_cv_path_install='/usr/bin/install -c'
ac_cv_path_mkdir=/usr/bin/mkdir
ac_cv_prog_AWK=gawk
ac_cv_prog_CPP='gcc -E'
ac_cv_prog_ac_ct_AR=ar
ac_cv_prog_ac_ct_CC=gcc
ac_cv_prog_ac_ct_OBJDUMP=objdump
ac_cv_prog_ac_ct_RANLIB=ranlib
ac_cv_prog_ac_ct_STRIP=strip
ac_cv_prog_cc_c89=
ac_cv_prog_cc_g=yes
ac_cv_prog_make_make_set=yes
ac_cv_search_deflate=-lz
ac_cv_search_dlopen=-ldl
ac_cv_search_pthread_create=-lpthread
ac_cv_search_pthread_mutexattr_init='none required'
ac_cv_sys_file_offset_bits=no
ac_cv_sys_largefile_CC=no
am_cv_CC_dependencies_compiler_type=gcc3
am_cv_make_support_nested_variables=yes
lt_cv_ar_at_file=@
lt_cv_archive_cmds_need_lc=no
lt_cv_deplibs_check_method=pass_all
lt_cv_file_magic_cmd='$MAGIC_CMD'
lt_cv_file_magic_test_file=
lt_cv_ld_reload_flag=-r
lt_cv_nm_interface='BSD nm'
lt_cv_objdir=.libs
lt_cv_path_LD=/usr/bin/ld
lt_cv_path_NM='/usr/bin/nm -B'
lt_cv_path_mainfest_tool=no
lt_cv_prog_compiler_c_o=yes
lt_cv_prog_compiler_pic='-fPIC -DPIC'
lt_cv_prog_compiler_pic_works=yes
lt_cv_prog_compiler_rtti_exceptions=no
lt_cv_prog_compiler_static_works=no
lt_cv_prog_gnu_ld=yes
lt_cv_sharedlib_from_linklib_cmd='printf %s\n'
lt_cv_shlibpath_overrides_runpath=no
lt_cv_sys_global_symbol_pipe='sed -n -e '\''s/^.*[	 ]\([ABCDGIRSTW][ABCDGIRSTW]*\)[	 ][	 ]*\([_A-Za-z][_A-Za-z0-9]*\)$/\1 \2 \2/p'\'' | sed '\''/ __gnu_lto/d'\'''
lt_cv_sys_global_symbol_to_c_name_address='sed -n -e '\''s/^: \([^ ]*\)[ ]*$/  {\"\1\", (void *) 0},/p'\'' -e '\''s/^[ABCDGIRSTW]* \([^ ]*\) \([^ ]*\)$/  {"\2", (void *) \&\2},/p'\'''
lt_cv_sys_global_symbol_to_c_name_address_lib_prefix='sed -n -e '\''s/^: \([^ ]*\)[ ]*$/  {\"\1\", (void *) 0},/p'\'' -e '\''s/^[ABCDGIRSTW]* \([^ ]*\) \(lib[^ ]*\)$/  {"\2", (void *) \&\2},/p'\'' -e '\''s/^[ABCDGIRSTW]* \([^ ]*\) \([^ ]*\)$/  {"lib\2", (void *) \&\2},/p'\'''
lt_cv_sys_global_symbol_to_cdecl='sed -n -e '\''s/^T .* \(.*\)$/extern int \1();/p'\'' -e '\''s/^[ABCDGIRSTW]* .* \(.*\)$/extern char \1;/p'\'''
lt_cv_sys_max_cmd_len=1572864
lt_cv_to_host_file_cmd=func_convert_file_noop
lt_cv_to_tool_file_cmd=func_convert_file_noop

## ----------------- ##
## Output variables. ##
## ----------------- ##

ACLOCAL='${SHELL} "/home/onlyet/mount/Socket/ChatRome -- select/sqlite-autoconf-3220000/missing" aclocal-1.13'
AMDEPBACKSLASH='\'
AMDEP_FALSE='#'
AMDEP_TRUE=''
AMTAR='$${TAR-tar}'
AM_BACKSLASH='\'
AM_DEFAULT_V='$(AM_DEFAULT_VERBOSITY)'
AM_DEFAULT_VERBOSITY='1'
AM_V='$(V)'
AR='ar'
AUTOCONF='${SHELL} "/home/onlyet/mount/Socket/ChatRome -- select/sqlite-autoconf-3220000/missing" autoconf'
AUTOHEADER='${SHELL} "/home/onlyet/mount/Socket/ChatRome -- select/sqlite-autoconf-3220000/missing" autoheader'
AUTOMAKE='${SHELL} "/home/onlyet/mount/Socket/ChatRome -- select/sqlite-autoconf-3220000/missing" automake-1.13'
AWK='gawk'
BUILD_CFLAGS=''
CC='gcc'
CCDEPMODE='depmode=gcc3'
CFLAGS='-g -O2'
CPP='gcc -E'
CPPFLAGS=''
CYGPATH_W='echo'
DEFS='-DPACKAGE_NAME=\"sqlite\" -DPACKAGE_TARNAME=\"sqlite\" -DPACKAGE_VERSION=\"3.22.0\" -DPACKAGE_STRING=\"sqlite\ 3.22.0\" -DPACKAGE_BUGREPORT=\"http://www.sqlite.org\" -DPACKAGE_URL=\"\" -DPACKAGE=\"sqlite\" -DVERSION=\"3.22.0\" -DSTDC_HEADERS=1 -DHAVE_SYS_TYPES_H=1 -DHAVE_SYS_STAT_H=1 -DHAVE_STDLIB_H=1 -DHAVE_STRING_H=1 -DHAVE_MEMORY_H=1 -DHAVE_STRINGS_H=1 -DHAVE_INTTYPES_H=1 -DHAVE_STDINT_H=1 -DHAVE_UNISTD_H=1 -DHAVE_DLFCN_H=1 -DLT_OBJDIR=\".libs/\" -DHAVE_FDATASYNC=1 -DHAVE_USLEEP=1 -DHAVE_LOCALTIME_R=1 -DHAVE_GMTIME_R=1 -DHAVE_DECL_STRERROR_R=1 -DHAVE_STRERROR_R=1 -DHAVE_POSIX_FALLOCATE=1 -DHAVE_ZLIB_H=1'
DEPDIR='.deps'
DLLTOOL='false'
DSYMUTIL=''
DUMPBIN=''
DYNAMIC_EXTENSION_FLAGS=''
ECHO_C=''
ECHO_N='-n'
ECHO_T=''
EGREP='/usr/bin/grep -E'
EXEEXT=''
EXTRA_SHELL_OBJ='sqlite3-sqlite3.o'
FGREP='/usr/bin/grep -F'
FTS5_FLAGS=''
GREP='/usr/bin/grep'
INSTALL_DATA='${INSTALL} -m 644'
INSTALL_PROGRAM='${INSTALL}'
INSTALL_SCRIPT='${INSTALL}'
INSTALL_STRIP_PROGRAM='$(install_sh) -c -s'
JSON1_FLAGS=''
LD='/usr/bin/ld -m elf_x86_64'
LDFLAGS=''
LIBOBJS=''
LIBS='-lz -ldl -lpthread '
LIBTOOL='$(SHELL) $(top_builddir)/libtool'
LIPO=''
LN_S='ln'
LTLIBOBJS=''
MAKEINFO='${SHELL} "/home/onlyet/mount/Socket/ChatRome -- select/sqlite-autoconf-3220000/missing" makeinfo'
MANIFEST_TOOL=':'
MKDIR_P='/usr/bin/mkdir -p'
NM='/usr/bin/nm -B'
NMEDIT=''
OBJDUMP='objdump'
OBJEXT='o'
OTOOL64=''
OTOOL=''
PACKAGE='sqlite'
PACKAGE_BUGREPORT='http://www.sqlite.org'
PACKAGE_NAME='sqlite'
PACKAGE_STRING='sqlite 3.22.0'
PACKAGE_TARNAME='sqlite'
PACKAGE_URL=''
PACKAGE_VERSION='3.22.0'
PATH_SEPARATOR=':'
RANLIB='ranlib'
READLINE_LIBS=''
SED='/usr/bin/sed'
SESSION_FLAGS=''
SET_MAKE=''
SHELL='/bin/sh'
STRIP='strip'
THREADSAFE_FLAGS='-D_REENTRANT=1 -DSQLITE_THREADSAFE=1'
VERSION='3.22.0'
ZLIB_FLAGS='-DSQLITE_HAVE_ZLIB'
ac_ct_AR='ar'
ac_ct_CC='gcc'
ac_ct_DUMPBIN=''
am__EXEEXT_FALSE=''
am__EXEEXT_TRUE='#'
am__fastdepCC_FALSE='#'
am__fastdepCC_TRUE=''
am__include='include'
am__isrc=''
am__leading_dot='.'
am__nodep='_no'
am__quote=''
am__tar='$${TAR-tar} chof - "$$tardir"'
am__untar='$${TAR-tar} xf -'
bindir='${exec_prefix}/bin'
build='x86_64-unknown-linux-gnu'
build_alias=''
build_cpu='x86_64'
build_os='linux-gnu'
build_vendor='unknown'
datadir='${datarootdir}'
datarootdir='${prefix}/share'
docdir='${datarootdir}/doc/${PACKAGE_TARNAME}'
dvidir='${docdir}'
exec_prefix='${prefix}'
host='x86_64-unknown-linux-gnu'
host_alias=''
host_cpu='x86_64'
host_os='linux-gnu'
host_vendor='unknown'
htmldir='${docdir}'
includedir='${prefix}/include'
infodir='${datarootdir}/info'
install_sh='${SHELL} '\''/home/onlyet/mount/Socket/ChatRome -- select/sqlite-autoconf-3220000/install-sh'\'''
libdir='${exec_prefix}/lib'
libexecdir='${exec_prefix}/libexec'
localedir='${datarootdir}/locale'
localstatedir='${prefix}/var'
mandir='${datarootdir}/man'
mkdir_p='$(MKDIR_P)'
oldincludedir='/usr/include'
pdfdir='${docdir}'
prefix='/usr/local'
program_transform_name='s,x,x,'
psdir='${docdir}'
sbindir='${exec_prefix}/sbin'
sharedstatedir='${prefix}/com'
sysconfdir='${prefix}/etc'
target_alias=''

## ----------- ##
## confdefs.h. ##
## ----------- ##

/* confdefs.h */
#define PACKAGE_NAME "sqlite"
#define PACKAGE_TARNAME "sqlite"
#define PACKAGE_VERSION "3.22.0"
#define PACKAGE_STRING "sqlite 3.22.0"
#define PACKAGE_BUGREPORT "http://www.sqlite.org"
#define PACKAGE_URL ""
#define PACKAGE "sqlite"
#define VERSION "3.22.0"
#define STDC_HEADERS 1
#define HAVE_SYS_TYPES_H 1
#define HAVE_SYS_STAT_H 1
#define HAVE_STDLIB_H 1
#define HAVE_STRING_H 1
#define HAVE_MEMORY_H 1
#define HAVE_STRINGS_H 1
#define HAVE_INTTYPES_H 1
#define HAVE_STDINT_H 1
#define HAVE_UNISTD_H 1
#define HAVE_DLFCN_H 1
#define LT_OBJDIR ".libs/"
#define HAVE_FDATASYNC 1
#define HAVE_USLEEP 1
#define HAVE_LOCALTIME_R 1
#define HAVE_GMTIME_R 1
#define HAVE_DECL_STRERROR_R 1
#define HAVE_STRERROR_R 1
#define HAVE_POSIX_FALLOCATE 1
#define HAVE_ZLIB_H 1

configure: exit 0

## ---------------------- ##
## Running config.status. ##
## ---------------------- ##

This file was extended by sqlite config.status 3.22.0, which was
generated by GNU Autoconf 2.69.  Invocation command line was

  CONFIG_FILES    = 
  CONFIG_HEADERS  = 
  CONFIG_LINKS    = 
  CONFIG_COMMANDS = 
  $ ./config.status 

on localhost.localdomain

config.status:1014: creating Makefile
config.status:1014: creating sqlite3.pc
config.status:1186: executing depfiles commands
config.status:1186: executing libtool commands
